<?xml version="1.0" encoding="UTF-8"?>
<coverage generated="1624631511857" clover="3.2.0">
  <project timestamp="1624631511858" name="All files">
    <metrics statements="16" coveredstatements="16" conditionals="5" coveredconditionals="5" methods="8" coveredmethods="8" elements="29" coveredelements="29" complexity="0" loc="16" ncloc="16" packages="1" files="2" classes="2"/>
    <file name="Food.ts" path="/Users/raphaelneves/Development/Repos/Personal/ts-tdd/src/Food.ts">
      <metrics statements="12" coveredstatements="12" conditionals="4" coveredconditionals="4" methods="6" coveredmethods="6"/>
      <line num="2" count="1" type="stmt"/>
      <line num="4" count="1" type="stmt"/>
      <line num="6" count="3" type="stmt"/>
      <line num="7" count="3" type="stmt"/>
      <line num="8" count="3" type="stmt"/>
      <line num="10" count="3" type="stmt"/>
      <line num="11" count="2" type="stmt"/>
      <line num="15" count="2" type="cond" truecount="2" falsecount="0"/>
      <line num="19" count="3" type="cond" truecount="2" falsecount="0"/>
      <line num="23" count="1" type="stmt"/>
      <line num="27" count="1" type="stmt"/>
      <line num="31" count="5" type="stmt"/>
    </file>
    <file name="errors.ts" path="/Users/raphaelneves/Development/Repos/Personal/ts-tdd/src/errors.ts">
      <metrics statements="4" coveredstatements="4" conditionals="1" coveredconditionals="1" methods="2" coveredmethods="2"/>
      <line num="1" count="1" type="stmt"/>
      <line num="3" count="1" type="stmt"/>
      <line num="7" count="1" type="stmt"/>
      <line num="9" count="1" type="stmt"/>
    </file>
  </project>
</coverage>
